<?xml version="1.0" encoding="UTF-8"?>
<!-- Generated by org.testng.reporters.JUnitReportReporter -->
<testsuite skipped="0" hostname="win8" name="demo.NewTestng" tests="1" failures="0" timestamp="11 Jun 2017 08:11:49 GMT" time="0.025" errors="0">
  <testcase name="f" time="0.025" classname="demo.NewTestng"/>
</testsuite> <!-- demo.NewTestng -->
